<?xml version="1.0" encoding="UTF-8"?>
<!-- Generated by org.testng.reporters.JUnitReportReporter -->
<testsuite hostname="LAPTOP-3Q3GGGIT" failures="0" tests="2" name="Parallelexecution.parallel1" time="10.342" errors="0" timestamp="2024-02-29T11:28:28 IST" skipped="0">
  <testcase classname="Parallelexecution.parallel1" name="data1" time="6.967"/>
  <system-out/>
  <testcase classname="Parallelexecution.parallel1" name="data1" time="3.375"/>
  <system-out/>
</testsuite> <!-- Parallelexecution.parallel1 -->
