<?xml version="1.0" encoding="UTF-8"?>
<!-- Generated by org.testng.reporters.JUnitReportReporter -->
<testsuite hostname="LAPTOP-3Q3GGGIT" failures="0" tests="1" name="RunnerScript.Runnerfacebook" time="10.062" errors="0" timestamp="2024-03-07T08:54:23 IST" skipped="0">
  <testcase classname="RunnerScript.Runnerfacebook" name="login" time="10.062"/>
  <system-out/>
</testsuite> <!-- RunnerScript.Runnerfacebook -->
